#
# A fatal error has been detected by the Java Runtime Environment:
#
#  EXCEPTION_ACCESS_VIOLATION (0xc0000005) at pc=0x000000005af0bc52, pid=8208, tid=0x0000000000001ccc
#
# JRE version: Java(TM) SE Runtime Environment (8.0_131-b11) (build 1.8.0_131-b11)
# Java VM: Java HotSpot(TM) 64-Bit Server VM (25.131-b11 mixed mode windows-amd64 compressed oops)
# Problematic frame:
# V  [jvm.dll+0x42bc52]
#
# Failed to write core dump. Minidumps are not enabled by default on client versions of Windows
#
# If you would like to submit a bug report, please visit:
#   http://bugreport.java.com/bugreport/crash.jsp
#

---------------  T H R E A D  ---------------

Current thread (0x000000001702a000):  JavaThread "C1 CompilerThread2" daemon [_thread_in_native, id=7372, stack(0x00000000173b0000,0x00000000174b0000)]

siginfo: ExceptionCode=0xc0000005, reading address 0x0000000059fa8210

Registers:
RAX=0x0000000019fa81e0, RBX=0x000002000001801b, RCX=0x00000000176cfe00, RDX=0x0000000008000006
RSP=0x00000000174ae9c0, RBP=0x0000000000000003, RSI=0x0000000008000006, RDI=0x0000000008000006
R8 =0x00000000000004a6, R9 =0x0000000000000003, R10=0x00000000196a4990, R11=0x0000000000000000
R12=0x00000000000004a6, R13=0x00000000176cfe00, R14=0x00000000000004a6, R15=0x00000000176cfe00
RIP=0x000000005af0bc52, EFLAGS=0x0000000000010206

Top of Stack: (sp=0x00000000174ae9c0)
0x00000000174ae9c0:   0000000019facec0 00000000176cfe00
0x00000000174ae9d0:   0000000000000134 00000000000004a8
0x00000000174ae9e0:   00000000176cfe00 00000000000004a6
0x00000000174ae9f0:   0000000008000006 000000005af0e8fb
0x00000000174aea00:   000002000001801b 0000000000000003
0x00000000174aea10:   000000000000000b 000000005af11477
0x00000000174aea20:   000000000000000c 000000000000000c
0x00000000174aea30:   00000000196a4be0 0000000000000000
0x00000000174aea40:   00000000174aeb50 000000005af1021a
0x00000000174aea50:   0000000000000001 0000000000000000
0x00000000174aea60:   000002000001801b 00000000004c901b
0x00000000174aea70:   0000000000000000 0000000000000280
0x00000000174aea80:   00000000000004a2 0000000000000002
0x00000000174aea90:   0000000000000001 00000000176cfe00
0x00000000174aeaa0:   00000000196a4be0 000000000000000b
0x00000000174aeab0:   0000000000000001 000000000000007f 

Instructions: (pc=0x000000005af0bc52)
0x000000005af0bc32:   5c 24 08 48 89 6c 24 10 48 89 74 24 18 57 41 54
0x000000005af0bc42:   41 55 48 83 ec 20 48 8b 41 58 48 63 f2 41 8b e9
0x000000005af0bc52:   48 8b 1c f0 41 8b f8 4c 8b e1 48 85 db 74 27 8b
0x000000005af0bc62:   44 24 60 83 f8 63 74 03 89 43 04 48 8b 43 08 8b 


Register to memory mapping:

RAX=0x0000000019fa81e0 is an unknown value
RBX=0x000002000001801b is an unknown value
RCX=0x00000000176cfe00 is an unknown value
RDX=0x0000000008000006 is an unknown value
RSP=0x00000000174ae9c0 is pointing into the stack for thread: 0x000000001702a000
RBP=0x0000000000000003 is an unknown value
RSI=0x0000000008000006 is an unknown value
RDI=0x0000000008000006 is an unknown value
R8 =0x00000000000004a6 is an unknown value
R9 =0x0000000000000003 is an unknown value
R10=0x00000000196a4990 is an unknown value
R11=0x0000000000000000 is an unknown value
R12=0x00000000000004a6 is an unknown value
R13=0x00000000176cfe00 is an unknown value
R14=0x00000000000004a6 is an unknown value
R15=0x00000000176cfe00 is an unknown value


Stack: [0x00000000173b0000,0x00000000174b0000],  sp=0x00000000174ae9c0,  free space=1018k
Native frames: (J=compiled Java code, j=interpreted, Vv=VM code, C=native code)
V  [jvm.dll+0x42bc52]
V  [jvm.dll+0x42e8fb]
V  [jvm.dll+0x43021a]
V  [jvm.dll+0x4306d4]
V  [jvm.dll+0x40ead0]
V  [jvm.dll+0x40eea0]
V  [jvm.dll+0x40efd2]
V  [jvm.dll+0x40f1a1]
V  [jvm.dll+0x40f3af]
V  [jvm.dll+0xa5de2]
V  [jvm.dll+0xa671f]
V  [jvm.dll+0x24537f]
V  [jvm.dll+0x29cc1a]
C  [msvcr100.dll+0x21d9f]
C  [msvcr100.dll+0x21e3b]
C  [KERNEL32.DLL+0x13034]
C  [ntdll.dll+0x71461]


Current CompileTask:
C1:  44287 4671       1       org.eclipse.jdt.internal.compiler.lookup.Scope::getTypeOrPackage (1632 bytes)


---------------  P R O C E S S  ---------------

Java Threads: ( => current thread )
  0x0000000019e8f800 JavaThread "RMI TCP Connection(idle)" daemon [_thread_blocked, id=7552, stack(0x000000001c900000,0x000000001ca00000)]
  0x0000000019e8e000 JavaThread "DestroyJavaVM" [_thread_blocked, id=10620, stack(0x0000000002ce0000,0x0000000002de0000)]
  0x0000000019e84000 JavaThread "http-nio-8080-AsyncTimeout" daemon [_thread_blocked, id=11920, stack(0x000000001c400000,0x000000001c500000)]
  0x0000000019e89800 JavaThread "http-nio-8080-Acceptor-0" daemon [_thread_in_native, id=8948, stack(0x000000001c300000,0x000000001c400000)]
  0x0000000019e88800 JavaThread "http-nio-8080-ClientPoller-1" daemon [_thread_in_native, id=384, stack(0x000000001c200000,0x000000001c300000)]
  0x0000000019e87000 JavaThread "http-nio-8080-ClientPoller-0" daemon [_thread_in_native, id=1672, stack(0x000000001c100000,0x000000001c200000)]
  0x0000000019e88000 JavaThread "http-nio-8080-exec-10" daemon [_thread_blocked, id=8484, stack(0x000000001c000000,0x000000001c100000)]
  0x0000000019e86800 JavaThread "http-nio-8080-exec-9" daemon [_thread_blocked, id=2308, stack(0x000000001bf00000,0x000000001c000000)]
  0x0000000019e85800 JavaThread "http-nio-8080-exec-8" daemon [_thread_blocked, id=7484, stack(0x000000001be00000,0x000000001bf00000)]
  0x0000000019e8b000 JavaThread "http-nio-8080-exec-7" daemon [_thread_blocked, id=11836, stack(0x000000001bd00000,0x000000001be00000)]
  0x0000000019e85000 JavaThread "http-nio-8080-exec-6" daemon [_thread_blocked, id=1932, stack(0x000000001bc00000,0x000000001bd00000)]
  0x0000000019e8a000 JavaThread "http-nio-8080-exec-5" daemon [_thread_in_native, id=10932, stack(0x000000001bb00000,0x000000001bc00000)]
  0x0000000019ab4800 JavaThread "http-nio-8080-exec-4" daemon [_thread_blocked, id=11976, stack(0x000000001ba00000,0x000000001bb00000)]
  0x0000000019ab9000 JavaThread "http-nio-8080-exec-3" daemon [_thread_blocked, id=740, stack(0x000000001b900000,0x000000001ba00000)]
  0x0000000019ab8000 JavaThread "http-nio-8080-exec-2" daemon [_thread_blocked, id=5152, stack(0x000000001b800000,0x000000001b900000)]
  0x0000000019ab7800 JavaThread "http-nio-8080-exec-1" daemon [_thread_blocked, id=12436, stack(0x000000001b700000,0x000000001b800000)]
  0x0000000019ab3800 JavaThread "NioBlockingSelector.BlockPoller-1" daemon [_thread_in_native, id=8652, stack(0x000000001b600000,0x000000001b700000)]
  0x0000000019ab6800 JavaThread "container-0" [_thread_blocked, id=8808, stack(0x000000001b200000,0x000000001b300000)]
  0x0000000019ab3000 JavaThread "ContainerBackgroundProcessor[StandardEngine[Tomcat]]" daemon [_thread_blocked, id=11708, stack(0x000000001b100000,0x000000001b200000)]
  0x0000000019ab9800 JavaThread "RMI TCP Connection(idle)" daemon [_thread_blocked, id=444, stack(0x000000001ad00000,0x000000001ae00000)]
  0x0000000017879000 JavaThread "RMI Scheduler(0)" daemon [_thread_blocked, id=5200, stack(0x0000000018a30000,0x0000000018b30000)]
  0x0000000017878000 JavaThread "RMI TCP Connection(idle)" daemon [_thread_blocked, id=12008, stack(0x0000000018930000,0x0000000018a30000)]
  0x0000000017874800 JavaThread "RMI TCP Connection(idle)" daemon [_thread_blocked, id=11868, stack(0x0000000018830000,0x0000000018930000)]
  0x0000000017701000 JavaThread "RMI TCP Accept-0" daemon [_thread_in_native, id=1888, stack(0x00000000182f0000,0x00000000183f0000)]
  0x00000000176f4800 JavaThread "RMI TCP Accept-49389" daemon [_thread_in_native, id=6800, stack(0x00000000181f0000,0x00000000182f0000)]
  0x00000000176f2800 JavaThread "RMI TCP Accept-0" daemon [_thread_in_native, id=9884, stack(0x00000000180f0000,0x00000000181f0000)]
  0x00000000170ae800 JavaThread "Service Thread" daemon [_thread_blocked, id=7880, stack(0x0000000017cb0000,0x0000000017db0000)]
=>0x000000001702a000 JavaThread "C1 CompilerThread2" daemon [_thread_in_native, id=7372, stack(0x00000000173b0000,0x00000000174b0000)]
  0x0000000017025800 JavaThread "C2 CompilerThread1" daemon [_thread_blocked, id=5764, stack(0x00000000172b0000,0x00000000173b0000)]
  0x0000000017024000 JavaThread "C2 CompilerThread0" daemon [_thread_blocked, id=10184, stack(0x00000000171b0000,0x00000000172b0000)]
  0x0000000016fd1800 JavaThread "Monitor Ctrl-Break" daemon [_thread_in_native, id=6020, stack(0x00000000170b0000,0x00000000171b0000)]
  0x0000000015680000 JavaThread "Attach Listener" daemon [_thread_blocked, id=12504, stack(0x0000000016bb0000,0x0000000016cb0000)]
  0x000000001567f000 JavaThread "Signal Dispatcher" daemon [_thread_blocked, id=7660, stack(0x0000000016ab0000,0x0000000016bb0000)]
  0x000000001565a800 JavaThread "Finalizer" daemon [_thread_blocked, id=10652, stack(0x00000000168c0000,0x00000000169c0000)]
  0x0000000003074000 JavaThread "Reference Handler" daemon [_thread_blocked, id=4844, stack(0x00000000167c0000,0x00000000168c0000)]

Other Threads:
  0x0000000015637000 VMThread [stack: 0x00000000166c0000,0x00000000167c0000] [id=11596]
  0x0000000017706000 WatcherThread [stack: 0x00000000183f0000,0x00000000184f0000] [id=8316]

VM state:not at safepoint (normal execution)

VM Mutex/Monitor currently owned by a thread: None

Heap:
 PSYoungGen      total 138240K, used 117239K [0x00000000eb300000, 0x00000000f4a80000, 0x0000000100000000)
  eden space 128512K, 91% used [0x00000000eb300000,0x00000000f257dd48,0x00000000f3080000)
  from space 9728K, 0% used [0x00000000f4100000,0x00000000f4100000,0x00000000f4a80000)
  to   space 13312K, 0% used [0x00000000f3080000,0x00000000f3080000,0x00000000f3d80000)
 ParOldGen       total 59392K, used 20142K [0x00000000c1800000, 0x00000000c5200000, 0x00000000eb300000)
  object space 59392K, 33% used [0x00000000c1800000,0x00000000c2bab928,0x00000000c5200000)
 Metaspace       used 41954K, capacity 43784K, committed 44160K, reserved 1087488K
  class space    used 5309K, capacity 5638K, committed 5760K, reserved 1048576K

Card table byte_map: [0x0000000012440000,0x0000000012640000] byte_map_base: 0x0000000011e34000

Marking Bits: (ParMarkBitMap*) 0x000000005b2fc720
 Begin Bits: [0x0000000012b90000, 0x0000000013b30000)
 End Bits:   [0x0000000013b30000, 0x0000000014ad0000)

Polling page: 0x0000000000e60000

CodeCache: size=245760Kb used=9976Kb max_used=9976Kb free=235783Kb
 bounds [0x0000000003080000, 0x0000000003a50000, 0x0000000012080000]
 total_blobs=5068 nmethods=4584 adapters=394
 compilation: enabled

Compilation events (10 events):
Event: 43.705 Thread 0x000000001702a000 nmethod 4667 0x0000000003a3e150 code [0x0000000003a3e360, 0x0000000003a3ebd8]
Event: 43.705 Thread 0x000000001702a000 4668       1       org.eclipse.jdt.internal.compiler.ast.Expression::getDirectBinding (166 bytes)
Event: 43.705 Thread 0x000000001702a000 nmethod 4668 0x0000000003a3f490 code [0x0000000003a3f660, 0x0000000003a3fbf8]
Event: 43.705 Thread 0x000000001702a000 4664       1       java.net.JarURLConnection::<init> (11 bytes)
Event: 43.705 Thread 0x000000001702a000 nmethod 4664 0x0000000003a3fed0 code [0x0000000003a40040, 0x0000000003a40198]
Event: 43.713 Thread 0x000000001702a000 4669       1       org.springframework.boot.web.embedded.tomcat.TomcatServletWebServerFactory$LoaderHidingWebResourceSet::getResource (33 bytes)
Event: 43.713 Thread 0x000000001702a000 nmethod 4669 0x0000000003a40250 code [0x0000000003a403c0, 0x0000000003a40618]
Event: 43.713 Thread 0x000000001702a000 4670       1       org.apache.catalina.webresources.DirResourceSet::getResource (146 bytes)
Event: 43.714 Thread 0x000000001702a000 nmethod 4670 0x0000000003a40750 code [0x0000000003a40980, 0x0000000003a412f8]
Event: 43.716 Thread 0x000000001702a000 4671       1       org.eclipse.jdt.internal.compiler.lookup.Scope::getTypeOrPackage (1632 bytes)

GC Heap History (10 events):
Event: 3.187 GC heap before
{Heap before GC invocations=8 (full 1):
 PSYoungGen      total 72192K, used 65536K [0x00000000eb300000, 0x00000000f0000000, 0x0000000100000000)
  eden space 65536K, 100% used [0x00000000eb300000,0x00000000ef300000,0x00000000ef300000)
  from space 6656K, 0% used [0x00000000ef980000,0x00000000ef980000,0x00000000f0000000)
  to   space 6656K, 0% used [0x00000000ef300000,0x00000000ef300000,0x00000000ef980000)
 ParOldGen       total 35840K, used 8460K [0x00000000c1800000, 0x00000000c3b00000, 0x00000000eb300000)
  object space 35840K, 23% used [0x00000000c1800000,0x00000000c2043338,0x00000000c3b00000)
 Metaspace       used 24065K, capacity 24932K, committed 24960K, reserved 1071104K
  class space    used 3229K, capacity 3451K, committed 3456K, reserved 1048576K
Event: 3.196 GC heap after
Heap after GC invocations=8 (full 1):
 PSYoungGen      total 72192K, used 6065K [0x00000000eb300000, 0x00000000f2500000, 0x0000000100000000)
  eden space 65536K, 0% used [0x00000000eb300000,0x00000000eb300000,0x00000000ef300000)
  from space 6656K, 91% used [0x00000000ef300000,0x00000000ef8ec550,0x00000000ef980000)
  to   space 7168K, 0% used [0x00000000f1e00000,0x00000000f1e00000,0x00000000f2500000)
 ParOldGen       total 35840K, used 8468K [0x00000000c1800000, 0x00000000c3b00000, 0x00000000eb300000)
  object space 35840K, 23% used [0x00000000c1800000,0x00000000c2045338,0x00000000c3b00000)
 Metaspace       used 24065K, capacity 24932K, committed 24960K, reserved 1071104K
  class space    used 3229K, capacity 3451K, committed 3456K, reserved 1048576K
}
Event: 4.016 GC heap before
{Heap before GC invocations=9 (full 1):
 PSYoungGen      total 72192K, used 71601K [0x00000000eb300000, 0x00000000f2500000, 0x0000000100000000)
  eden space 65536K, 100% used [0x00000000eb300000,0x00000000ef300000,0x00000000ef300000)
  from space 6656K, 91% used [0x00000000ef300000,0x00000000ef8ec550,0x00000000ef980000)
  to   space 7168K, 0% used [0x00000000f1e00000,0x00000000f1e00000,0x00000000f2500000)
 ParOldGen       total 35840K, used 8468K [0x00000000c1800000, 0x00000000c3b00000, 0x00000000eb300000)
  object space 35840K, 23% used [0x00000000c1800000,0x00000000c2045338,0x00000000c3b00000)
 Metaspace       used 27904K, capacity 29082K, committed 29440K, reserved 1075200K
  class space    used 3740K, capacity 4006K, committed 4096K, reserved 1048576K
Event: 4.031 GC heap after
Heap after GC invocations=9 (full 1):
 PSYoungGen      total 106496K, used 7142K [0x00000000eb300000, 0x00000000f2a00000, 0x0000000100000000)
  eden space 99328K, 0% used [0x00000000eb300000,0x00000000eb300000,0x00000000f1400000)
  from space 7168K, 99% used [0x00000000f1e00000,0x00000000f24f9bd0,0x00000000f2500000)
  to   space 10240K, 0% used [0x00000000f1400000,0x00000000f1400000,0x00000000f1e00000)
 ParOldGen       total 35840K, used 13247K [0x00000000c1800000, 0x00000000c3b00000, 0x00000000eb300000)
  object space 35840K, 36% used [0x00000000c1800000,0x00000000c24efe08,0x00000000c3b00000)
 Metaspace       used 27904K, capacity 29082K, committed 29440K, reserved 1075200K
  class space    used 3740K, capacity 4006K, committed 4096K, reserved 1048576K
}
Event: 4.669 GC heap before
{Heap before GC invocations=10 (full 1):
 PSYoungGen      total 106496K, used 106470K [0x00000000eb300000, 0x00000000f2a00000, 0x0000000100000000)
  eden space 99328K, 100% used [0x00000000eb300000,0x00000000f1400000,0x00000000f1400000)
  from space 7168K, 99% used [0x00000000f1e00000,0x00000000f24f9bd0,0x00000000f2500000)
  to   space 10240K, 0% used [0x00000000f1400000,0x00000000f1400000,0x00000000f1e00000)
 ParOldGen       total 35840K, used 13247K [0x00000000c1800000, 0x00000000c3b00000, 0x00000000eb300000)
  object space 35840K, 36% used [0x00000000c1800000,0x00000000c24efe08,0x00000000c3b00000)
 Metaspace       used 30190K, capacity 31508K, committed 31744K, reserved 1077248K
  class space    used 4041K, capacity 4311K, committed 4352K, reserved 1048576K
Event: 4.687 GC heap after
Heap after GC invocations=10 (full 1):
 PSYoungGen      total 109568K, used 10213K [0x00000000eb300000, 0x00000000f4d80000, 0x0000000100000000)
  eden space 99328K, 0% used [0x00000000eb300000,0x00000000eb300000,0x00000000f1400000)
  from space 10240K, 99% used [0x00000000f1400000,0x00000000f1df94a0,0x00000000f1e00000)
  to   space 12800K, 0% used [0x00000000f4100000,0x00000000f4100000,0x00000000f4d80000)
 ParOldGen       total 35840K, used 16483K [0x00000000c1800000, 0x00000000c3b00000, 0x00000000eb300000)
  object space 35840K, 45% used [0x00000000c1800000,0x00000000c2818d70,0x00000000c3b00000)
 Metaspace       used 30190K, capacity 31508K, committed 31744K, reserved 1077248K
  class space    used 4041K, capacity 4311K, committed 4352K, reserved 1048576K
}
Event: 25.726 GC heap before
{Heap before GC invocations=11 (full 1):
 PSYoungGen      total 109568K, used 81910K [0x00000000eb300000, 0x00000000f4d80000, 0x0000000100000000)
  eden space 99328K, 72% used [0x00000000eb300000,0x00000000ef904580,0x00000000f1400000)
  from space 10240K, 99% used [0x00000000f1400000,0x00000000f1df94a0,0x00000000f1e00000)
  to   space 12800K, 0% used [0x00000000f4100000,0x00000000f4100000,0x00000000f4d80000)
 ParOldGen       total 35840K, used 16483K [0x00000000c1800000, 0x00000000c3b00000, 0x00000000eb300000)
  object space 35840K, 45% used [0x00000000c1800000,0x00000000c2818d70,0x00000000c3b00000)
 Metaspace       used 33827K, capacity 35414K, committed 35496K, reserved 1079296K
  class space    used 4485K, capacity 4805K, committed 4864K, reserved 1048576K
Event: 25.748 GC heap after
Heap after GC invocations=11 (full 1):
 PSYoungGen      total 138240K, used 8667K [0x00000000eb300000, 0x00000000f4a80000, 0x0000000100000000)
  eden space 128512K, 0% used [0x00000000eb300000,0x00000000eb300000,0x00000000f3080000)
  from space 9728K, 89% used [0x00000000f4100000,0x00000000f4976f40,0x00000000f4a80000)
  to   space 13312K, 0% used [0x00000000f3080000,0x00000000f3080000,0x00000000f3d80000)
 ParOldGen       total 35840K, used 22376K [0x00000000c1800000, 0x00000000c3b00000, 0x00000000eb300000)
  object space 35840K, 62% used [0x00000000c1800000,0x00000000c2dda210,0x00000000c3b00000)
 Metaspace       used 33827K, capacity 35414K, committed 35496K, reserved 1079296K
  class space    used 4485K, capacity 4805K, committed 4864K, reserved 1048576K
}
Event: 25.748 GC heap before
{Heap before GC invocations=12 (full 2):
 PSYoungGen      total 138240K, used 8667K [0x00000000eb300000, 0x00000000f4a80000, 0x0000000100000000)
  eden space 128512K, 0% used [0x00000000eb300000,0x00000000eb300000,0x00000000f3080000)
  from space 9728K, 89% used [0x00000000f4100000,0x00000000f4976f40,0x00000000f4a80000)
  to   space 13312K, 0% used [0x00000000f3080000,0x00000000f3080000,0x00000000f3d80000)
 ParOldGen       total 35840K, used 22376K [0x00000000c1800000, 0x00000000c3b00000, 0x00000000eb300000)
  object space 35840K, 62% used [0x00000000c1800000,0x00000000c2dda210,0x00000000c3b00000)
 Metaspace       used 33827K, capacity 35414K, committed 35496K, reserved 1079296K
  class space    used 4485K, capacity 4805K, committed 4864K, reserved 1048576K
Event: 25.844 GC heap after
Heap after GC invocations=12 (full 2):
 PSYoungGen      total 138240K, used 0K [0x00000000eb300000, 0x00000000f4a80000, 0x0000000100000000)
  eden space 128512K, 0% used [0x00000000eb300000,0x00000000eb300000,0x00000000f3080000)
  from space 9728K, 0% used [0x00000000f4100000,0x00000000f4100000,0x00000000f4a80000)
  to   space 13312K, 0% used [0x00000000f3080000,0x00000000f3080000,0x00000000f3d80000)
 ParOldGen       total 59392K, used 20142K [0x00000000c1800000, 0x00000000c5200000, 0x00000000eb300000)
  object space 59392K, 33% used [0x00000000c1800000,0x00000000c2bab928,0x00000000c5200000)
 Metaspace       used 33827K, capacity 35414K, committed 35496K, reserved 1079296K
  class space    used 4485K, capacity 4805K, committed 4864K, reserved 1048576K
}

Deoptimization events (0 events):
No events

Internal exceptions (10 events):
Event: 43.484 Thread 0x0000000019e8a000 Exception <a 'java/lang/ClassNotFoundException': javax/servlet/jsp/jstl/core/LoopTagSupportCustomizer> (0x00000000f0510e08) thrown at [C:\re\workspace\8-2-build-windows-amd64-cygwin\jdk8u131\8869\hotspot\src\share\vm\classfile\systemDictionary.cpp, line 2
Event: 43.486 Thread 0x0000000019e8a000 Exception <a 'java/lang/ClassNotFoundException': org/apache/taglibs/standard/tag/common/core/ForEachSupportCustomizer> (0x00000000f053ca80) thrown at [C:\re\workspace\8-2-build-windows-amd64-cygwin\jdk8u131\8869\hotspot\src\share\vm\classfile\systemDictio
Event: 43.488 Thread 0x0000000019e8a000 Exception <a 'java/lang/ClassNotFoundException': org/apache/taglibs/standard/tag/rt/core/ForEachTagCustomizer> (0x00000000f055a068) thrown at [C:\re\workspace\8-2-build-windows-amd64-cygwin\jdk8u131\8869\hotspot\src\share\vm\classfile\systemDictionary.cpp
Event: 43.490 Thread 0x0000000019e8a000 Exception <a 'java/lang/ClassNotFoundException': org/apache/taglibs/standard/tag/rt/core/OutTagBeanInfo> (0x00000000f0587e40) thrown at [C:\re\workspace\8-2-build-windows-amd64-cygwin\jdk8u131\8869\hotspot\src\share\vm\classfile\systemDictionary.cpp, line
Event: 43.491 Thread 0x0000000019e8a000 Exception <a 'java/lang/ClassNotFoundException': org/apache/taglibs/standard/tag/common/core/OutSupportBeanInfo> (0x00000000f05a1ba0) thrown at [C:\re\workspace\8-2-build-windows-amd64-cygwin\jdk8u131\8869\hotspot\src\share\vm\classfile\systemDictionary.c
Event: 43.494 Thread 0x0000000019e8a000 Exception <a 'java/lang/ClassNotFoundException': javax/servlet/jsp/tagext/BodyTagSupportBeanInfo> (0x00000000f05b83f8) thrown at [C:\re\workspace\8-2-build-windows-amd64-cygwin\jdk8u131\8869\hotspot\src\share\vm\classfile\systemDictionary.cpp, line 210]
Event: 43.496 Thread 0x0000000019e8a000 Exception <a 'java/lang/ClassNotFoundException': javax/servlet/jsp/tagext/BodyTagSupportCustomizer> (0x00000000f05ce950) thrown at [C:\re\workspace\8-2-build-windows-amd64-cygwin\jdk8u131\8869\hotspot\src\share\vm\classfile\systemDictionary.cpp, line 210]
Event: 43.498 Thread 0x0000000019e8a000 Exception <a 'java/lang/ClassNotFoundException': org/apache/taglibs/standard/tag/common/core/OutSupportCustomizer> (0x00000000f05f28f0) thrown at [C:\re\workspace\8-2-build-windows-amd64-cygwin\jdk8u131\8869\hotspot\src\share\vm\classfile\systemDictionary
Event: 43.499 Thread 0x0000000019e8a000 Exception <a 'java/lang/ClassNotFoundException': org/apache/taglibs/standard/tag/rt/core/OutTagCustomizer> (0x00000000f0610f80) thrown at [C:\re\workspace\8-2-build-windows-amd64-cygwin\jdk8u131\8869\hotspot\src\share\vm\classfile\systemDictionary.cpp, li
Event: 43.531 Thread 0x0000000019e8a000 Exception <a 'java/lang/ArrayIndexOutOfBoundsException'> (0x00000000f06b8b58) thrown at [C:\re\workspace\8-2-build-windows-amd64-cygwin\jdk8u131\8869\hotspot\src\share\vm\runtime\sharedRuntime.cpp, line 605]

Events (10 events):
Event: 43.677 Executing VM operation: RevokeBias
Event: 43.678 Executing VM operation: RevokeBias done
Event: 43.732 loading class org/eclipse/jdt/internal/compiler/problem/AbortMethod
Event: 43.732 loading class org/eclipse/jdt/internal/compiler/problem/AbortMethod done
Event: 43.733 loading class org/eclipse/jdt/internal/compiler/problem/AbortType
Event: 43.733 loading class org/eclipse/jdt/internal/compiler/problem/AbortType done
Event: 43.733 loading class org/eclipse/jdt/internal/compiler/problem/AbortCompilationUnit
Event: 43.733 loading class org/eclipse/jdt/internal/compiler/problem/AbortCompilationUnit done
Event: 43.733 loading class org/eclipse/jdt/internal/compiler/problem/AbortCompilation
Event: 43.733 loading class org/eclipse/jdt/internal/compiler/problem/AbortCompilation done


Dynamic libraries:
0x00007ff6d87d0000 - 0x00007ff6d8807000 	C:\Program Files\Java\jdk1.8.0_131\bin\java.exe
0x00007ffec0480000 - 0x00007ffec0661000 	C:\WINDOWS\SYSTEM32\ntdll.dll
0x00007ffebf4d0000 - 0x00007ffebf582000 	C:\WINDOWS\System32\KERNEL32.DLL
0x00007ffebcac0000 - 0x00007ffebcd33000 	C:\WINDOWS\System32\KERNELBASE.dll
0x00007ffebfa30000 - 0x00007ffebfad1000 	C:\WINDOWS\System32\ADVAPI32.dll
0x00007ffebf2a0000 - 0x00007ffebf33e000 	C:\WINDOWS\System32\msvcrt.dll
0x00007ffebefb0000 - 0x00007ffebf00b000 	C:\WINDOWS\System32\sechost.dll
0x00007ffebf170000 - 0x00007ffebf294000 	C:\WINDOWS\System32\RPCRT4.dll
0x00007ffebfc70000 - 0x00007ffebfe00000 	C:\WINDOWS\System32\USER32.dll
0x00007ffebcd40000 - 0x00007ffebcd60000 	C:\WINDOWS\System32\win32u.dll
0x00007ffebf590000 - 0x00007ffebf5b8000 	C:\WINDOWS\System32\GDI32.dll
0x00007ffebc8d0000 - 0x00007ffebca62000 	C:\WINDOWS\System32\gdi32full.dll
0x00007ffebd7c0000 - 0x00007ffebd85f000 	C:\WINDOWS\System32\msvcp_win.dll
0x00007ffebcd60000 - 0x00007ffebce5a000 	C:\WINDOWS\System32\ucrtbase.dll
0x00007ffeaff40000 - 0x00007ffeb01a9000 	C:\WINDOWS\WinSxS\amd64_microsoft.windows.common-controls_6595b64144ccf1df_6.0.17134.345_none_fb429a5930656358\COMCTL32.dll
0x00007ffebf700000 - 0x00007ffebfa23000 	C:\WINDOWS\System32\combase.dll
0x00007ffebc850000 - 0x00007ffebc8ca000 	C:\WINDOWS\System32\bcryptPrimitives.dll
0x00007ffebf340000 - 0x00007ffebf36d000 	C:\WINDOWS\System32\IMM32.DLL
0x000000005b380000 - 0x000000005b452000 	C:\Program Files\Java\jdk1.8.0_131\jre\bin\msvcr100.dll
0x000000005aae0000 - 0x000000005b37c000 	C:\Program Files\Java\jdk1.8.0_131\jre\bin\server\jvm.dll
0x00007ffebf5d0000 - 0x00007ffebf5d8000 	C:\WINDOWS\System32\PSAPI.DLL
0x00007ffeb91c0000 - 0x00007ffeb91c9000 	C:\WINDOWS\SYSTEM32\WSOCK32.dll
0x00007ffeba5c0000 - 0x00007ffeba5e3000 	C:\WINDOWS\SYSTEM32\WINMM.dll
0x00007ffebf690000 - 0x00007ffebf6fc000 	C:\WINDOWS\System32\WS2_32.dll
0x00007ffeb1610000 - 0x00007ffeb161a000 	C:\WINDOWS\SYSTEM32\VERSION.dll
0x00007ffeba590000 - 0x00007ffeba5ba000 	C:\WINDOWS\SYSTEM32\WINMMBASE.dll
0x00007ffebca70000 - 0x00007ffebcab9000 	C:\WINDOWS\System32\cfgmgr32.dll
0x000000005aad0000 - 0x000000005aadf000 	C:\Program Files\Java\jdk1.8.0_131\jre\bin\verify.dll
0x000000005aaa0000 - 0x000000005aac9000 	C:\Program Files\Java\jdk1.8.0_131\jre\bin\java.dll
0x000000005aa50000 - 0x000000005aa73000 	C:\Program Files\Java\jdk1.8.0_131\jre\bin\instrument.dll
0x000000005aa80000 - 0x000000005aa96000 	C:\Program Files\Java\jdk1.8.0_131\jre\bin\zip.dll
0x00007ffebd910000 - 0x00007ffebed4f000 	C:\WINDOWS\System32\SHELL32.dll
0x00007ffebf5e0000 - 0x00007ffebf689000 	C:\WINDOWS\System32\shcore.dll
0x00007ffebce60000 - 0x00007ffebd56d000 	C:\WINDOWS\System32\windows.storage.dll
0x00007ffebf090000 - 0x00007ffebf0e1000 	C:\WINDOWS\System32\shlwapi.dll
0x00007ffebc800000 - 0x00007ffebc811000 	C:\WINDOWS\System32\kernel.appcore.dll
0x00007ffebc830000 - 0x00007ffebc84f000 	C:\WINDOWS\System32\profapi.dll
0x00007ffebc7b0000 - 0x00007ffebc7fc000 	C:\WINDOWS\System32\powrprof.dll
0x00007ffebc820000 - 0x00007ffebc82a000 	C:\WINDOWS\System32\FLTLIB.DLL
0x00007ffeac200000 - 0x00007ffeac21a000 	C:\Program Files\JetBrains\IntelliJ IDEA 2018.1.4\bin\breakgen64.dll
0x000000005aa30000 - 0x000000005aa4a000 	C:\Program Files\Java\jdk1.8.0_131\jre\bin\net.dll
0x00007ffebc010000 - 0x00007ffebc076000 	C:\WINDOWS\system32\mswsock.dll
0x000000005aa20000 - 0x000000005aa2d000 	C:\Program Files\Java\jdk1.8.0_131\jre\bin\management.dll
0x000000005aa00000 - 0x000000005aa11000 	C:\Program Files\Java\jdk1.8.0_131\jre\bin\nio.dll
0x00007ffeab0e0000 - 0x00007ffeab0f6000 	C:\WINDOWS\system32\napinsp.dll
0x00007ffeab0c0000 - 0x00007ffeab0da000 	C:\WINDOWS\system32\pnrpnsp.dll
0x00007ffeb8ff0000 - 0x00007ffeb9009000 	C:\WINDOWS\system32\NLAapi.dll
0x00007ffebbdd0000 - 0x00007ffebbe8e000 	C:\WINDOWS\SYSTEM32\DNSAPI.dll
0x00007ffebed50000 - 0x00007ffebed58000 	C:\WINDOWS\System32\NSI.dll
0x00007ffebbd90000 - 0x00007ffebbdc8000 	C:\WINDOWS\SYSTEM32\IPHLPAPI.DLL
0x00007ffeab080000 - 0x00007ffeab08e000 	C:\WINDOWS\System32\winrnr.dll
0x00007ffeb4210000 - 0x00007ffeb421a000 	C:\Windows\System32\rasadhlp.dll
0x00007ffeb4f00000 - 0x00007ffeb4f72000 	C:\WINDOWS\System32\fwpuclnt.dll
0x00007ffebc2f0000 - 0x00007ffebc315000 	C:\WINDOWS\SYSTEM32\bcrypt.dll
0x00007ffebc1c0000 - 0x00007ffebc1d7000 	C:\WINDOWS\SYSTEM32\CRYPTSP.dll
0x00007ffebbbf0000 - 0x00007ffebbc23000 	C:\WINDOWS\system32\rsaenh.dll
0x00007ffebc690000 - 0x00007ffebc6b8000 	C:\WINDOWS\SYSTEM32\USERENV.dll
0x00007ffebc1e0000 - 0x00007ffebc1eb000 	C:\WINDOWS\SYSTEM32\CRYPTBASE.dll
0x00007ffeb55e0000 - 0x00007ffeb55f6000 	C:\WINDOWS\SYSTEM32\dhcpcsvc6.DLL
0x00007ffeb55c0000 - 0x00007ffeb55da000 	C:\WINDOWS\SYSTEM32\dhcpcsvc.DLL
0x000000005a9d0000 - 0x000000005a9f4000 	C:\Program Files\Java\jdk1.8.0_131\jre\bin\sunec.dll
0x00007ffeb0670000 - 0x00007ffeb0839000 	C:\WINDOWS\SYSTEM32\dbghelp.dll

VM Arguments:
jvm_args: -XX:TieredStopAtLevel=1 -Xverify:none -Dspring.output.ansi.enabled=always -Dcom.sun.management.jmxremote -Dcom.sun.management.jmxremote.port=49389 -Dcom.sun.management.jmxremote.authenticate=false -Dcom.sun.management.jmxremote.ssl=false -Djava.rmi.server.hostname=localhost -Dspring.liveBeansView.mbeanDomain -Dspring.application.admin.enabled=true -javaagent:C:\Program Files\JetBrains\IntelliJ IDEA 2018.1.4\lib\idea_rt.jar=49390:C:\Program Files\JetBrains\IntelliJ IDEA 2018.1.4\bin -Dfile.encoding=UTF-8 
java_command: com.era.erapay.ErapayApplication
java_class_path (initial): C:\Program Files\Java\jdk1.8.0_131\jre\lib\charsets.jar;C:\Program Files\Java\jdk1.8.0_131\jre\lib\deploy.jar;C:\Program Files\Java\jdk1.8.0_131\jre\lib\ext\RXTXcomm.jar;C:\Program Files\Java\jdk1.8.0_131\jre\lib\ext\access-bridge-64.jar;C:\Program Files\Java\jdk1.8.0_131\jre\lib\ext\cldrdata.jar;C:\Program Files\Java\jdk1.8.0_131\jre\lib\ext\dnsns.jar;C:\Program Files\Java\jdk1.8.0_131\jre\lib\ext\jaccess.jar;C:\Program Files\Java\jdk1.8.0_131\jre\lib\ext\jfxrt.jar;C:\Program Files\Java\jdk1.8.0_131\jre\lib\ext\localedata.jar;C:\Program Files\Java\jdk1.8.0_131\jre\lib\ext\nashorn.jar;C:\Program Files\Java\jdk1.8.0_131\jre\lib\ext\sunec.jar;C:\Program Files\Java\jdk1.8.0_131\jre\lib\ext\sunjce_provider.jar;C:\Program Files\Java\jdk1.8.0_131\jre\lib\ext\sunmscapi.jar;C:\Program Files\Java\jdk1.8.0_131\jre\lib\ext\sunpkcs11.jar;C:\Program Files\Java\jdk1.8.0_131\jre\lib\ext\zipfs.jar;C:\Program Files\Java\jdk1.8.0_131\jre\lib\javaws.jar;C:\Program Files\Java\jdk1.8.0_131\jre\lib\jce.jar;C:\Program Files\Java\jdk1.8.0_131\jre\lib\jfr.jar;C:\Program Files\Java\jdk1.8.0_131\jre\lib\jfxswt.jar;C:\Program Files\Java\jdk1.8.0_131\jre\lib\jsse.jar;C:\Program Files\Java\jdk1.8.0_131\jre\lib\management-agent.jar;C:\Program Files\Java\jdk1.8.0_131\jre\lib\plugin.jar;C:\Program Files\Java\jdk1.8.0_131\jre\lib\resources.jar;C:\Program Files\Java\jdk1.8.0_131\jre\lib\rt.jar;C:\Users\himel\IdeaProjects\erapay\target\classes;C:\Users\himel\.m2\repository\org\springframework\boot\spring-boot-starter-web\2.0.5.RELEASE\spring-boot-starter-web-2.0.5.RELEASE.jar;C:\Users\himel\.m2\repository\org\springframework\boot\spring-boot-starter\2.0.5.RELEASE\spring-boot-starter-2.0.5.RELEASE.jar;C:\Users\himel\.m2\repository\org\springframework\boot\spring-boot\2.0.5.RELEASE\spring-boot-2.0.5.RELEASE.jar;C:\Users\himel\.m2\repository\org\springframework\boot\spring-boot-autoconfigure\2.0.5.RELEASE\spring-boot-autoconfigure-2.0.5.RELEASE.jar;C:\Users\himel\.m2\reposito
Launcher Type: SUN_STANDARD

Environment Variables:
JAVA_HOME=C:\Program Files\Java\jdk1.8.0_131
PATH=C:\python_3.6.4\Scripts\;C:\python_3.6.4\;C:\orant\bin;C:\Program Files (x86)\Common Files\NetSarang;C:\ProgramData\Oracle\Java\javapath;C:\Program Files\Java\jdk1.8.0_131\bin;E:\Spring\apache-maven-3.5.0\bin;C:\WINDOWS\system32;C:\WINDOWS;C:\WINDOWS\System32\Wbem;C:\WINDOWS\System32\WindowsPowerShell\v1.0\;C:\Program Files\Git\cmd;C:\orant\jdk\bin;C:\WINDOWS\System32\OpenSSH\;C:\Program Files\TortoiseSVN\bin;C:\Users\himel\AppData\Local\Microsoft\WindowsApps;C:\Users\himel\AppData\Local\GitHubDesktop\bin;C:\Users\himel\AppData\Local\Microsoft\WindowsApps;
USERNAME=himel
OS=Windows_NT
PROCESSOR_IDENTIFIER=Intel64 Family 6 Model 42 Stepping 7, GenuineIntel



---------------  S Y S T E M  ---------------

OS: Windows 10.0 , 64 bit Build 17134 (10.0.17134.1)

CPU:total 4 (initial active 4) (2 cores per cpu, 2 threads per core) family 6 model 42 stepping 7, cmov, cx8, fxsr, mmx, sse, sse2, sse3, ssse3, sse4.1, sse4.2, popcnt, avx, clmul, ht, tsc, tscinvbit

Memory: 4k page, physical 4088376k(769872k free), swap 9283424k(4697540k free)

vm_info: Java HotSpot(TM) 64-Bit Server VM (25.131-b11) for windows-amd64 JRE (1.8.0_131-b11), built on Mar 15 2017 01:23:53 by "java_re" with MS VC++ 10.0 (VS2010)

time: Tue Oct 30 10:47:31 2018
elapsed time: 44 seconds (0d 0h 0m 44s)

